info difficult=0
32 43 
12 39 0 24
## # # #  #### ## #  ###@  # ### ##   #### 
 #######  ###### ##   ####### #####    ##  
########  ###   #####   ### ########       
  #   ##        ##    # ##########      #  
  ##   ######     #####   ## ### ###### #  
   ######   #   # ###### ######### ### # ##
# #### ###### #####  ##  #### ######## # # 
   ######   ##   #####   # # ######### # # 
   ##    ###   ## #####  # ######   ###### 
   ###   # ##  #####          # ###########
  # #    # ####  # ####     # ###    # ####
# ###   #############       # # ##   # # # 
### #   # #####    ###      # ####   # O## 
# # #   ### # # # ## # ###### ###   #######
 ## #    #### # #        ########## ###### 
  ###   ####  # ###########   ###   ###### 
  #####  # ## #### ###  ###### ###  # # # #
   #  ## ##    # ## # ######   ###  # #  # 
   #######      ####   ### ##   ### # ### #
  ## ######      ########## # ######### ## 
########### ##    ###  ####      ####   #  
## #######  #### #########        ##### #  
### # ############# ######         ## # #  
 #######    #### ####    # ###   ####   #  
## # #    ######### #      ### #####    #  
##  #     ##### #      ##  ###  ###### #   
#       ##  #######   #      ############# 
    ##   #########             ##  ########
 ##########  # #####      ####### #####  ##
######      # ###          ######   ###### 
# ## # #  # # ###   #    ######    ## ##   
# #  ## # ##  ###  ###   ## # # #  ## #  ##
info # 1.00 541 ( 1, 24) 
info # 1.41 531 ( 1, 25) 
info # 2.24 521 ( 1, 26) 
info # 2.00 511 ( 0, 26) 
info # 3.00 510 ( 0, 27) 
info # 4.00 500 ( 0, 28) 
info # 5.00 499 ( 0, 29) 
info # 6.00 489 ( 0, 30) 
info # 7.00 479 ( 0, 31) 
info # 8.00 469 ( 0, 32) 
info # 8.06 468 ( 1, 32) 
info # 9.06 458 ( 1, 33) 
info # 10.05 448 ( 1, 34) 
info # 11.05 438 ( 1, 35) 
info # 11.18 437 ( 2, 35) 
info # 11.40 427 ( 3, 35) 
info # 10.44 426 ( 3, 34) 
info # 10.77 425 ( 4, 34) 
info # 11.18 415 ( 5, 34) 
info # 11.66 414 ( 6, 34) 
info # 10.82 404 ( 6, 33) 
info # 10.00 394 ( 6, 32) 
info # 9.22 384 ( 6, 31) 
info # 8.49 374 ( 6, 30) 
info # 7.81 364 ( 6, 29) 
info # 8.60 363 ( 7, 29) 
info # 8.06 353 ( 7, 28) 
info # 8.94 352 ( 8, 28) 
info # 8.54 342 ( 8, 27) 
info # 9.49 332 ( 9, 27) 
info # 9.22 331 ( 9, 26) 
info # 9.06 330 ( 9, 25) 
info # 9.00 329 ( 9, 24) 
info # 8.00 328 ( 8, 24) 
info # 8.06 327 ( 8, 23) 
info # 8.25 326 ( 8, 22) 
info # 8.54 316 ( 8, 21) 
info # 9.49 306 ( 9, 21) 
info # 10.44 305 (10, 21) 
info # 10.20 295 (10, 22) 
info # 11.18 285 (11, 22) 
info # 12.17 284 (12, 22) 
info # 13.15 283 (13, 22) 
info # 13.04 282 (13, 23) 
info # 14.04 272 (14, 23) 
info # 15.03 271 (15, 23) 
info # 16.03 261 (16, 23) 
info # 17.03 260 (17, 23) 
info # 17.00 250 (17, 24) 
info # 17.03 240 (17, 25) 
info # 17.12 230 (17, 26) 
info # 17.26 220 (17, 27) 
info # 18.25 210 (18, 27) 
info # 18.44 200 (18, 28) 
info # 19.42 190 (19, 28) 
info # 20.40 180 (20, 28) 
info # 20.62 179 (20, 29) 
info # 20.88 178 (20, 30) 
info # 21.19 177 (20, 31) 
info # 20.25 176 (19, 31) 
info # 20.62 166 (19, 32) 
info # 21.02 156 (19, 33) 
info # 21.93 146 (20, 33) 
info # 22.36 136 (20, 34) 
info # 22.83 126 (20, 35) 
info # 23.32 116 (20, 36) 
info # 23.85 106 (20, 37) 
info # 23.02 105 (19, 37) 
info # 23.60  95 (19, 38) 
info # 22.80  85 (18, 38) 
info # 22.02  75 (17, 38) 
info # 22.67  65 (17, 39) 
info # 21.93  64 (16, 39) 
info # 22.63  63 (16, 40) 
info # 23.35  53 (16, 41) 
info # 22.67  52 (15, 41) 
info # 23.43  42 (15, 42) 
info # 22.80  41 (14, 42) 
info # 22.20  40 (13, 42) 
info # 21.40  30 (13, 41) 
info # 20.62  20 (13, 40) 
info # 19.85  10 (13, 39) 
info # 19.21   0 (12, 39) 
info total=83  
32 43 
12 39 0 24
## # # #  #### ## #  ###@        ##   #### 
 #######  ###### ##   ##   ## ##       ##  
########  ###   #####   ### #######        
  #   ##        ##    # ##########      #  
  ##   ######     #####   ## ### # #### #  
   ######   #   # ###### ######### ### # ##
# #### ###### #####  ##  ####      ### # # 
   ######   ##   #####   # #  ######## # # 
   ##    ###   ## ###    #   ####   ###### 
   ###   # ##  #####          # ###########
  # #    # ####  # ##       # ###    # ####
# ###   #############       # # ##   # # # 
### #   # #####    ###      # ####   # O## 
# # #   ### # # # ## #  ##### ###   ###    
 ## #    #### # #        ########## ###### 
  ###   ####  # ####### ###   ###   #####  
  #####  # ## #### ###  ###### ###  # #   #
   #  ## ##    # ## # #        ###  #    # 
   #######      ####   ###      ### #  ## #
  ## ######      ##########   #   ###   ## 
########### ##    ###  ####             #  
## #######  #### #########        ##### #  
### # ############# ######         ## # #  
 #######    #### ####    # ###   ####   #  
## # #    ######### #      ### #####    #  
##  #     ##### #      ##  ###  ###### #   
#       ##  #######   #      ############# 
    ##   #########             ##  ########
 ##########  # #####      ####### #####  ##
######      # ###          ######   ###### 
# ## # #  # # ###   #    ######    ## ##   
# #  ## # ##  ###  ###   ## # # #  ## #  ##
